<?xml version="1.0" encoding="UTF-8"?>
<testng-results skipped="0" failed="0" total="1" passed="1">
  <reporter-output>
    <line>
      <![CDATA[Title is Not Matching::Gmail   Google]]>
    </line>
  </reporter-output>
  <suite name="Default suite" duration-ms="16383" started-at="2021-03-08T18:31:01Z" finished-at="2021-03-08T18:31:17Z">
    <groups>
    </groups>
    <test name="Default test" duration-ms="16383" started-at="2021-03-08T18:31:01Z" finished-at="2021-03-08T18:31:17Z">
      <class name="mar4.AdvancedReporting">
        <test-method status="PASS" signature="setUp()[pri:0, instance:mar4.AdvancedReporting@3ffc5af1]" name="setUp" is-config="true" duration-ms="613" started-at="2021-03-09T00:01:01Z" finished-at="2021-03-09T00:01:01Z">
          <reporter-output>
          </reporter-output>
        </test-method> <!-- setUp -->
        <test-method status="PASS" signature="generate()[pri:0, instance:mar4.AdvancedReporting@3ffc5af1]" name="generate" is-config="true" duration-ms="10139" started-at="2021-03-09T00:01:01Z" finished-at="2021-03-09T00:01:11Z">
          <reporter-output>
          </reporter-output>
        </test-method> <!-- generate -->
        <test-method status="PASS" signature="failTest()[pri:0, instance:mar4.AdvancedReporting@3ffc5af1]" name="failTest" duration-ms="581" started-at="2021-03-09T00:01:11Z" finished-at="2021-03-09T00:01:12Z">
          <reporter-output>
            <line>
              <![CDATA[Title is Not Matching::Gmail   Google]]>
            </line>
          </reporter-output>
        </test-method> <!-- failTest -->
        <test-method status="PASS" signature="tearDown()[pri:0, instance:mar4.AdvancedReporting@3ffc5af1]" name="tearDown" is-config="true" duration-ms="5033" started-at="2021-03-09T00:01:12Z" finished-at="2021-03-09T00:01:17Z">
          <reporter-output>
          </reporter-output>
        </test-method> <!-- tearDown -->
      </class> <!-- mar4.AdvancedReporting -->
    </test> <!-- Default test -->
  </suite> <!-- Default suite -->
</testng-results>
